Using pre-set license
Built from '2022.3/staging' branch; Version is '2022.3.17f1 (4fc78088f837) revision 5228416'; Using compiler version '192829333'; Build Type 'Release'
OS: 'Windows 11  (10.0.26100) 64bit Education' Language: 'en' Physical Memory: 32456 MB
BatchMode: 1, IsHumanControllingUs: 0, StartBugReporterOnCrash: 0, Is64bit: 1, IsPro: 1

COMMAND LINE ARGUMENTS:
C:\Program Files\Unity\Hub\Editor\2022.3.17f1\Editor\Unity.exe
-adb2
-batchMode
-noUpm
-name
AssetImportWorker0
-projectPath
C:/Users/bhanel/Documents/snowglobe/3D_Animation_Final
-logFile
Logs/AssetImportWorker0.log
-srvPort
63810
Successfully changed project path to: C:/Users/bhanel/Documents/snowglobe/3D_Animation_Final
C:/Users/bhanel/Documents/snowglobe/3D_Animation_Final
[UnityMemory] Configuration Parameters - Can be set up in boot.config
    "memorysetup-bucket-allocator-granularity=16"
    "memorysetup-bucket-allocator-bucket-count=8"
    "memorysetup-bucket-allocator-block-size=33554432"
    "memorysetup-bucket-allocator-block-count=8"
    "memorysetup-main-allocator-block-size=16777216"
    "memorysetup-thread-allocator-block-size=16777216"
    "memorysetup-gfx-main-allocator-block-size=16777216"
    "memorysetup-gfx-thread-allocator-block-size=16777216"
    "memorysetup-cache-allocator-block-size=4194304"
    "memorysetup-typetree-allocator-block-size=2097152"
    "memorysetup-profiler-bucket-allocator-granularity=16"
    "memorysetup-profiler-bucket-allocator-bucket-count=8"
    "memorysetup-profiler-bucket-allocator-block-size=33554432"
    "memorysetup-profiler-bucket-allocator-block-count=8"
    "memorysetup-profiler-allocator-block-size=16777216"
    "memorysetup-profiler-editor-allocator-block-size=1048576"
    "memorysetup-temp-allocator-size-main=16777216"
    "memorysetup-job-temp-allocator-block-size=2097152"
    "memorysetup-job-temp-allocator-block-size-background=1048576"
    "memorysetup-job-temp-allocator-reduction-small-platforms=262144"
    "memorysetup-allocator-temp-initial-block-size-main=262144"
    "memorysetup-allocator-temp-initial-block-size-worker=262144"
    "memorysetup-temp-allocator-size-background-worker=32768"
    "memorysetup-temp-allocator-size-job-worker=262144"
    "memorysetup-temp-allocator-size-preload-manager=33554432"
    "memorysetup-temp-allocator-size-nav-mesh-worker=65536"
    "memorysetup-temp-allocator-size-audio-worker=65536"
    "memorysetup-temp-allocator-size-cloud-worker=32768"
    "memorysetup-temp-allocator-size-gi-baking-worker=262144"
    "memorysetup-temp-allocator-size-gfx=262144"
Player connection [104960] Host "[IP] 10.69.31.105 [Port] 0 [Flags] 2 [Guid] 1863997289 [EditorId] 1863997289 [Version] 1048832 [Id] WindowsEditor(7,025ELATE1A) [Debug] 1 [PackageName] WindowsEditor [ProjectName] Editor" joined multi-casting on [225.0.0.222:54997]...

Player connection [104960] Host "[IP] 10.69.31.105 [Port] 0 [Flags] 2 [Guid] 1863997289 [EditorId] 1863997289 [Version] 1048832 [Id] WindowsEditor(7,025ELATE1A) [Debug] 1 [PackageName] WindowsEditor [ProjectName] Editor" joined alternative multi-casting on [225.0.0.222:34997]...

[Physics::Module] Initialized MultithreadedJobDispatcher with 23 workers.
Refreshing native plugins compatible for Editor in 12.55 ms, found 2 plugins.
Preloading 0 native plugins for Editor in 0.00 ms.
Initialize engine version: 2022.3.17f1 (4fc78088f837)
[Subsystems] Discovering subsystems at path C:/Program Files/Unity/Hub/Editor/2022.3.17f1/Editor/Data/Resources/UnitySubsystems
[Subsystems] Discovering subsystems at path C:/Users/bhanel/Documents/snowglobe/3D_Animation_Final/Assets
GfxDevice: creating device client; threaded=0; jobified=0
Direct3D:
    Version:  Direct3D 11.0 [level 11.1]
    Renderer: NVIDIA GeForce RTX 3050 OEM (ID=0x2508)
    Vendor:   NVIDIA
    VRAM:     8042 MB
    Driver:   32.0.15.6624
Initialize mono
Mono path[0] = 'C:/Program Files/Unity/Hub/Editor/2022.3.17f1/Editor/Data/Managed'
Mono path[1] = 'C:/Program Files/Unity/Hub/Editor/2022.3.17f1/Editor/Data/MonoBleedingEdge/lib/mono/unityjit-win32'
Mono config path = 'C:/Program Files/Unity/Hub/Editor/2022.3.17f1/Editor/Data/MonoBleedingEdge/etc'
Using monoOptions --debugger-agent=transport=dt_socket,embedding=1,server=y,suspend=n,address=127.0.0.1:56660
Begin MonoManager ReloadAssembly
Registering precompiled unity dll's ...
Register platform support module: C:/Program Files/Unity/Hub/Editor/2022.3.17f1/Editor/Data/PlaybackEngines/WebGLSupport/UnityEditor.WebGL.Extensions.dll
Register platform support module: C:/Program Files/Unity/Hub/Editor/2022.3.17f1/Editor/Data/PlaybackEngines/MacStandaloneSupport/UnityEditor.OSXStandalone.Extensions.dll
Register platform support module: C:/Program Files/Unity/Hub/Editor/2022.3.17f1/Editor/Data/PlaybackEngines/AndroidPlayer/UnityEditor.Android.Extensions.dll
Register platform support module: C:/Program Files/Unity/Hub/Editor/2022.3.17f1/Editor/Data/PlaybackEngines/WindowsStandaloneSupport/UnityEditor.WindowsStandalone.Extensions.dll
Registered in 0.015959 seconds.
- Loaded All Assemblies, in  0.242 seconds
Native extension for WindowsStandalone target not found
Native extension for Android target not found
Android Extension - Scanning For ADB Devices 240 ms
Native extension for OSXStandalone target not found
Native extension for WebGL target not found
Mono: successfully reloaded assembly
- Finished resetting the current domain, in  0.461 seconds
Domain Reload Profiling: 702ms
	BeginReloadAssembly (71ms)
		ExecutionOrderSort (0ms)
		DisableScriptedObjects (0ms)
		BackupInstance (0ms)
		ReleaseScriptingObjects (0ms)
		CreateAndSetChildDomain (1ms)
	RebuildCommonClasses (21ms)
	RebuildNativeTypeToScriptingClass (7ms)
	initialDomainReloadingComplete (49ms)
	LoadAllAssembliesAndSetupDomain (93ms)
		LoadAssemblies (70ms)
		RebuildTransferFunctionScriptingTraits (0ms)
		AnalyzeDomain (91ms)
			TypeCache.Refresh (90ms)
				TypeCache.ScanAssembly (81ms)
			ScanForSourceGeneratedMonoScriptInfo (0ms)
			ResolveRequiredComponents (0ms)
	FinalizeReload (462ms)
		ReleaseScriptCaches (0ms)
		RebuildScriptCaches (0ms)
		SetupLoadedEditorAssemblies (427ms)
			LogAssemblyErrors (0ms)
			InitializePlatformSupportModulesInManaged (329ms)
			SetLoadedEditorAssemblies (2ms)
			RefreshPlugins (0ms)
			BeforeProcessingInitializeOnLoad (1ms)
			ProcessInitializeOnLoadAttributes (67ms)
			ProcessInitializeOnLoadMethodAttributes (28ms)
			AfterProcessingInitializeOnLoad (0ms)
			EditorAssembliesLoaded (0ms)
		ExecutionOrderSort2 (0ms)
		AwakeInstancesAfterBackupRestoration (0ms)
========================================================================
Worker process is ready to serve import requests
Begin MonoManager ReloadAssembly
Symbol file LoadedFromMemory is not a mono symbol file
- Loaded All Assemblies, in  0.467 seconds
Refreshing native plugins compatible for Editor in 10.85 ms, found 2 plugins.
Native extension for WindowsStandalone target not found
Native extension for Android target not found
Native extension for OSXStandalone target not found
Native extension for WebGL target not found
Package Manager log level set to [2]
[Package Manager] Server::EnsureServerProcessIsRunning -- launch failed, reason: Unity was launched with the -noUpm command-line argument
[Package Manager] UpmClient::Send -- Unable to send message (not connected to UPM process).
[Package Manager] Cannot connect to Unity Package Manager local server
Mono: successfully reloaded assembly
- Finished resetting the current domain, in  0.528 seconds
Domain Reload Profiling: 992ms
	BeginReloadAssembly (102ms)
		ExecutionOrderSort (0ms)
		DisableScriptedObjects (3ms)
		BackupInstance (0ms)
		ReleaseScriptingObjects (0ms)
		CreateAndSetChildDomain (14ms)
	RebuildCommonClasses (23ms)
	RebuildNativeTypeToScriptingClass (7ms)
	initialDomainReloadingComplete (34ms)
	LoadAllAssembliesAndSetupDomain (297ms)
		LoadAssemblies (265ms)
		RebuildTransferFunctionScriptingTraits (0ms)
		AnalyzeDomain (96ms)
			TypeCache.Refresh (80ms)
				TypeCache.ScanAssembly (67ms)
			ScanForSourceGeneratedMonoScriptInfo (12ms)
			ResolveRequiredComponents (3ms)
	FinalizeReload (528ms)
		ReleaseScriptCaches (0ms)
		RebuildScriptCaches (0ms)
		SetupLoadedEditorAssemblies (409ms)
			LogAssemblyErrors (0ms)
			InitializePlatformSupportModulesInManaged (31ms)
			SetLoadedEditorAssemblies (3ms)
			RefreshPlugins (0ms)
			BeforeProcessingInitializeOnLoad (68ms)
			ProcessInitializeOnLoadAttributes (194ms)
			ProcessInitializeOnLoadMethodAttributes (105ms)
			AfterProcessingInitializeOnLoad (8ms)
			EditorAssembliesLoaded (0ms)
		ExecutionOrderSort2 (0ms)
		AwakeInstancesAfterBackupRestoration (5ms)
Launched and connected shader compiler UnityShaderCompiler.exe after 0.04 seconds
Refreshing native plugins compatible for Editor in 10.49 ms, found 2 plugins.
Preloading 0 native plugins for Editor in 0.00 ms.
Unloading 2720 Unused Serialized files (Serialized files now loaded: 0)
Unloading 62 unused Assets / (355.8 KB). Loaded Objects now: 3204.
Memory consumption went from 148.2 MB to 147.9 MB.
Total: 5.364200 ms (FindLiveObjects: 0.309000 ms CreateObjectMapping: 0.052400 ms MarkObjects: 4.741500 ms  DeleteObjects: 0.260100 ms)

AssetImportParameters requested are different than current active one (requested -> active):
  custom:video-decoder-webm-vp8: 9c59270c3fd7afecdb556c50c9e8de78 -> 
  custom:SearchIndexIgnoredProperties: e643bd26f0fe6173181afceb89e7c659 -> 
  custom:container-demuxer-ogg: 62fdf1f143b41e24485cea50d1cbac27 -> 
  custom:AudioImporter_EditorPlatform: d09bf68614088b80899f8185d706f6e7 -> 
  custom:video-codec-MediaFoundation-h265: 746d11721c4dcdbdad8f713fa42b33f4 -> 
  custom:video-decoder-ogg-theora: a1e56fd34408186e4bbccfd4996cb3dc -> 
  custom:framework-win-MediaFoundation: 216162199b28c13a410421893ffa2e32 -> 
  custom:video-encoder-webm-vp8: eb34c28f22e8b96e1ab97ce403110664 -> 
  custom:audio-decoder-ogg-vorbis: bf7c407c2cedff20999df2af8eb42d56 -> 
  custom:CustomObjectIndexerAttribute: 6d391050e5a25f67b0a2c618074f2cd9 -> 
  custom:container-demuxer-webm: 4f35f7cbe854078d1ac9338744f61a02 -> 
  custom:audio-encoder-webm-vorbis: bf7c407c2cedff20999df2af8eb42d56 -> 
  custom:container-muxer-webm: aa71ff27fc2769a1b78a27578f13a17b -> 
========================================================================
Received Import Request.
  Time since last request: 1784027.295471 seconds.
  path: Assets/Models/Eddie's Textures/snow_texture.jpg
  artifactKey: Guid(da054c0321e2dfc4a944bbc8eb034bbc) Importer(815301076,1909f56bfc062723c751e8b465ee728b)
Start importing Assets/Models/Eddie's Textures/snow_texture.jpg using Guid(da054c0321e2dfc4a944bbc8eb034bbc) Importer(815301076,1909f56bfc062723c751e8b465ee728b)  -> (artifact id: '7b925e5b23e3cbe5de07006a8c926739') in 0.068132 seconds
Number of updated asset objects reloaded before import = 0
Number of asset objects unloaded after import = 2
========================================================================
Received Import Request.
  Time since last request: 0.000027 seconds.
  path: Assets/Models/Eddie's Textures/NewLayer.terrainlayer
  artifactKey: Guid(411a899b48692094dbfbb708356c22f3) Importer(815301076,1909f56bfc062723c751e8b465ee728b)
Start importing Assets/Models/Eddie's Textures/NewLayer.terrainlayer using Guid(411a899b48692094dbfbb708356c22f3) Importer(815301076,1909f56bfc062723c751e8b465ee728b)  -> (artifact id: '4fc60a85f1c01e26c0b34360f377bcba') in 0.034539 seconds
Number of updated asset objects reloaded before import = 0
Number of asset objects unloaded after import = 2
========================================================================
Received Import Request.
  Time since last request: 5.748697 seconds.
  path: Assets/Models/Bench/bench_untextured.fbx
  artifactKey: Guid(25b8130e03587e144b026f595fd52b6b) Importer(815301076,1909f56bfc062723c751e8b465ee728b)
Start importing Assets/Models/Bench/bench_untextured.fbx using Guid(25b8130e03587e144b026f595fd52b6b) Importer(815301076,1909f56bfc062723c751e8b465ee728b)  -> (artifact id: 'd22b5fb10b53a351895afcfccab5efd7') in 0.104310 seconds
Number of updated asset objects reloaded before import = 0
Number of asset objects unloaded after import = 8
========================================================================
Received Import Request.
  Time since last request: 9.035065 seconds.
  path: Assets/Models/Bookshelf/book.fbx
  artifactKey: Guid(c0c1c8f947760e345ab50d1440128e13) Importer(815301076,1909f56bfc062723c751e8b465ee728b)
Start importing Assets/Models/Bookshelf/book.fbx using Guid(c0c1c8f947760e345ab50d1440128e13) Importer(815301076,1909f56bfc062723c751e8b465ee728b)  -> (artifact id: 'edaebe66b89b7181622e8b614ed759d9') in 0.037559 seconds
Number of updated asset objects reloaded before import = 0
Number of asset objects unloaded after import = 9
========================================================================
Received Import Request.
  Time since last request: 1.698637 seconds.
  path: Assets/Models/Candy Cane/candycane_untextured.fbx
  artifactKey: Guid(af4bc0ab957a5044a930d405a2528495) Importer(815301076,1909f56bfc062723c751e8b465ee728b)
Start importing Assets/Models/Candy Cane/candycane_untextured.fbx using Guid(af4bc0ab957a5044a930d405a2528495) Importer(815301076,1909f56bfc062723c751e8b465ee728b)  -> (artifact id: '96e1e6a4f9063653f23ab8a283ac3356') in 0.020293 seconds
Number of updated asset objects reloaded before import = 0
Number of asset objects unloaded after import = 8
========================================================================
Received Import Request.
  Time since last request: 0.770466 seconds.
  path: Assets/Models/Cocoa/cocoa.fbx
  artifactKey: Guid(d1cd778960a347b459f443cfee7950f6) Importer(815301076,1909f56bfc062723c751e8b465ee728b)
Start importing Assets/Models/Cocoa/cocoa.fbx using Guid(d1cd778960a347b459f443cfee7950f6) Importer(815301076,1909f56bfc062723c751e8b465ee728b)  -> (artifact id: 'a6078cda6ed933042c94101ff850d716') in 0.027383 seconds
Number of updated asset objects reloaded before import = 0
Number of asset objects unloaded after import = 8
========================================================================
Received Import Request.
  Time since last request: 5.027958 seconds.
  path: Assets/Models/Sled/sled_untextured.fbx
  artifactKey: Guid(376014a9263235349b4de18372f48dfa) Importer(815301076,1909f56bfc062723c751e8b465ee728b)
Start importing Assets/Models/Sled/sled_untextured.fbx using Guid(376014a9263235349b4de18372f48dfa) Importer(815301076,1909f56bfc062723c751e8b465ee728b)  -> (artifact id: '01544289080af71b91f12de74843f99c') in 0.020910 seconds
Number of updated asset objects reloaded before import = 0
Number of asset objects unloaded after import = 8
========================================================================
Received Import Request.
  Time since last request: 0.688264 seconds.
  path: Assets/Models/Snowglobe/Snowglobe.prefab
  artifactKey: Guid(38318d006a35bcd458b0d10f568bc334) Importer(815301076,1909f56bfc062723c751e8b465ee728b)
Start importing Assets/Models/Snowglobe/Snowglobe.prefab using Guid(38318d006a35bcd458b0d10f568bc334) Importer(815301076,1909f56bfc062723c751e8b465ee728b)  -> (artifact id: 'e50561919a529746486aa9ad6b327f1e') in 0.018801 seconds
Number of updated asset objects reloaded before import = 0
Number of asset objects unloaded after import = 25
========================================================================
Received Import Request.
  Time since last request: 0.000014 seconds.
  path: Assets/Models/Snowglobe/snowglobe_top.fbx
  artifactKey: Guid(88923bb6d89c3cc4da6afa227b226507) Importer(815301076,1909f56bfc062723c751e8b465ee728b)
Start importing Assets/Models/Snowglobe/snowglobe_top.fbx using Guid(88923bb6d89c3cc4da6afa227b226507) Importer(815301076,1909f56bfc062723c751e8b465ee728b)  -> (artifact id: 'aef16907f1821b244bb5233801427cb5') in 0.046807 seconds
Number of updated asset objects reloaded before import = 0
Number of asset objects unloaded after import = 8
========================================================================
Received Prepare
Begin MonoManager ReloadAssembly
Symbol file LoadedFromMemory is not a mono symbol file
- Loaded All Assemblies, in  0.525 seconds
Refreshing native plugins compatible for Editor in 8.50 ms, found 2 plugins.
Native extension for WindowsStandalone target not found
Native extension for Android target not found
Native extension for OSXStandalone target not found
Native extension for WebGL target not found
[Package Manager] Server::EnsureServerProcessIsRunning -- launch failed, reason: Unity was launched with the -noUpm command-line argument
[Package Manager] UpmClient::Send -- Unable to send message (not connected to UPM process).
[Package Manager] Cannot connect to Unity Package Manager local server
Mono: successfully reloaded assembly
- Finished resetting the current domain, in  0.818 seconds
Domain Reload Profiling: 1342ms
	BeginReloadAssembly (306ms)
		ExecutionOrderSort (0ms)
		DisableScriptedObjects (3ms)
		BackupInstance (0ms)
		ReleaseScriptingObjects (0ms)
		CreateAndSetChildDomain (22ms)
	RebuildCommonClasses (21ms)
	RebuildNativeTypeToScriptingClass (7ms)
	initialDomainReloadingComplete (24ms)
	LoadAllAssembliesAndSetupDomain (165ms)
		LoadAssemblies (210ms)
		RebuildTransferFunctionScriptingTraits (0ms)
		AnalyzeDomain (9ms)
			TypeCache.Refresh (4ms)
				TypeCache.ScanAssembly (0ms)
			ScanForSourceGeneratedMonoScriptInfo (0ms)
			ResolveRequiredComponents (3ms)
	FinalizeReload (819ms)
		ReleaseScriptCaches (0ms)
		RebuildScriptCaches (0ms)
		SetupLoadedEditorAssemblies (382ms)
			LogAssemblyErrors (0ms)
			InitializePlatformSupportModulesInManaged (32ms)
			SetLoadedEditorAssemblies (2ms)
			RefreshPlugins (0ms)
			BeforeProcessingInitializeOnLoad (69ms)
			ProcessInitializeOnLoadAttributes (179ms)
			ProcessInitializeOnLoadMethodAttributes (92ms)
			AfterProcessingInitializeOnLoad (8ms)
			EditorAssembliesLoaded (0ms)
		ExecutionOrderSort2 (0ms)
		AwakeInstancesAfterBackupRestoration (5ms)
Refreshing native plugins compatible for Editor in 11.06 ms, found 2 plugins.
Preloading 0 native plugins for Editor in 0.00 ms.
Unloading 2681 Unused Serialized files (Serialized files now loaded: 0)
Unloading 54 unused Assets / (366.9 KB). Loaded Objects now: 3252.
Memory consumption went from 141.4 MB to 141.0 MB.
Total: 4.752200 ms (FindLiveObjects: 0.150600 ms CreateObjectMapping: 0.041800 ms MarkObjects: 4.319200 ms  DeleteObjects: 0.239900 ms)

Prepare: number of updated asset objects reloaded= 0
AssetImportParameters requested are different than current active one (requested -> active):
  custom:video-decoder-webm-vp8: 9c59270c3fd7afecdb556c50c9e8de78 -> 
  custom:SearchIndexIgnoredProperties: e643bd26f0fe6173181afceb89e7c659 -> 
  custom:container-demuxer-ogg: 62fdf1f143b41e24485cea50d1cbac27 -> 
  custom:AudioImporter_EditorPlatform: d09bf68614088b80899f8185d706f6e7 -> 
  custom:video-codec-MediaFoundation-h265: 746d11721c4dcdbdad8f713fa42b33f4 -> 
  custom:video-decoder-ogg-theora: a1e56fd34408186e4bbccfd4996cb3dc -> 
  custom:framework-win-MediaFoundation: 216162199b28c13a410421893ffa2e32 -> 
  custom:video-encoder-webm-vp8: eb34c28f22e8b96e1ab97ce403110664 -> 
  custom:audio-decoder-ogg-vorbis: bf7c407c2cedff20999df2af8eb42d56 -> 
  custom:CustomObjectIndexerAttribute: 6d391050e5a25f67b0a2c618074f2cd9 -> 
  custom:container-demuxer-webm: 4f35f7cbe854078d1ac9338744f61a02 -> 
  custom:audio-encoder-webm-vorbis: bf7c407c2cedff20999df2af8eb42d56 -> 
  custom:container-muxer-webm: aa71ff27fc2769a1b78a27578f13a17b -> 
========================================================================
Received Import Request.
  Time since last request: 126.762330 seconds.
  path: Assets/Models/Snowglobe/Materials/snowglobe.mat
  artifactKey: Guid(7e6fa19b94c02cf459909e8d9c926dd2) Importer(815301076,1909f56bfc062723c751e8b465ee728b)
Start importing Assets/Models/Snowglobe/Materials/snowglobe.mat using Guid(7e6fa19b94c02cf459909e8d9c926dd2) Importer(815301076,1909f56bfc062723c751e8b465ee728b)  -> (artifact id: 'ce878898698755b5bf7913e76784247b') in 0.083935 seconds
Number of updated asset objects reloaded before import = 0
Number of asset objects unloaded after import = 2
========================================================================
Received Import Request.
  Time since last request: 21.584938 seconds.
  path: Assets/Models/Cocoa/Materials/cocoa_texture.mat
  artifactKey: Guid(1062c854e323e4247a48e5e72317898a) Importer(815301076,1909f56bfc062723c751e8b465ee728b)
Start importing Assets/Models/Cocoa/Materials/cocoa_texture.mat using Guid(1062c854e323e4247a48e5e72317898a) Importer(815301076,1909f56bfc062723c751e8b465ee728b)  -> (artifact id: '1ef43ff2415e288641e78970a527fa01') in 0.041918 seconds
Number of updated asset objects reloaded before import = 0
Number of asset objects unloaded after import = 2
========================================================================
Received Import Request.
  Time since last request: 2.605207 seconds.
  path: Assets/Models/Frosty/Materials/frosty_texture.tga
  artifactKey: Guid(99513e8fd9118264295da217361266ae) Importer(815301076,1909f56bfc062723c751e8b465ee728b)
Start importing Assets/Models/Frosty/Materials/frosty_texture.tga using Guid(99513e8fd9118264295da217361266ae) Importer(815301076,1909f56bfc062723c751e8b465ee728b)  -> (artifact id: 'f6335b30434956336d7f6e21b0be78b0') in 0.029172 seconds
Number of updated asset objects reloaded before import = 0
Number of asset objects unloaded after import = 2
========================================================================
Received Import Request.
  Time since last request: 0.828689 seconds.
  path: Assets/Models/Eddie's Materials/snowman_mat.mat
  artifactKey: Guid(407ad3b1236fde143b5829fe2292e537) Importer(815301076,1909f56bfc062723c751e8b465ee728b)
Start importing Assets/Models/Eddie's Materials/snowman_mat.mat using Guid(407ad3b1236fde143b5829fe2292e537) Importer(815301076,1909f56bfc062723c751e8b465ee728b)  -> (artifact id: '9ac7eadc2cd43fba4acdc27c6f267f8d') in 0.125774 seconds
Number of updated asset objects reloaded before import = 0
Number of asset objects unloaded after import = 3
========================================================================
Received Import Request.
  Time since last request: 5.091370 seconds.
  path: Assets/Models/Alex's Models/bed.fbx
  artifactKey: Guid(bc443d804ba464f48bbedfd77b4eda66) Importer(815301076,1909f56bfc062723c751e8b465ee728b)
Start importing Assets/Models/Alex's Models/bed.fbx using Guid(bc443d804ba464f48bbedfd77b4eda66) Importer(815301076,1909f56bfc062723c751e8b465ee728b)  -> (artifact id: '6cee9542e1639d22452fe4cdd5c88325') in 0.062834 seconds
Number of updated asset objects reloaded before import = 0
Number of asset objects unloaded after import = 9
========================================================================
Received Import Request.
  Time since last request: 0.000013 seconds.
  path: Assets/Models/Alex's Models/table.fbx
  artifactKey: Guid(3a7732d95aa69d04ab3b0325eb620458) Importer(815301076,1909f56bfc062723c751e8b465ee728b)
Start importing Assets/Models/Alex's Models/table.fbx using Guid(3a7732d95aa69d04ab3b0325eb620458) Importer(815301076,1909f56bfc062723c751e8b465ee728b)  -> (artifact id: '59880653a05e4c69bbad3b39dd01663a') in 0.044555 seconds
Number of updated asset objects reloaded before import = 0
Number of asset objects unloaded after import = 9
========================================================================
Received Import Request.
  Time since last request: 0.000016 seconds.
  path: Assets/Models/Alex's Models/snowman 1.fbx
  artifactKey: Guid(979c12fadefaae94fa1cf61b926758f3) Importer(815301076,1909f56bfc062723c751e8b465ee728b)
Start importing Assets/Models/Alex's Models/snowman 1.fbx using Guid(979c12fadefaae94fa1cf61b926758f3) Importer(815301076,1909f56bfc062723c751e8b465ee728b)  -> (artifact id: 'b61cee846c762be7d9efbfe803cc4c92') in 0.040815 seconds
Number of updated asset objects reloaded before import = 0
Number of asset objects unloaded after import = 9
========================================================================
Received Import Request.
  Time since last request: 3.380925 seconds.
  path: Assets/Models/Alex's Models/Materials/bed_tex.tga
  artifactKey: Guid(4bb08e1c05da30a4895ee7808c7e3e38) Importer(815301076,1909f56bfc062723c751e8b465ee728b)
Start importing Assets/Models/Alex's Models/Materials/bed_tex.tga using Guid(4bb08e1c05da30a4895ee7808c7e3e38) Importer(815301076,1909f56bfc062723c751e8b465ee728b)  -> (artifact id: '68c587b9eca56dbda9be84795d86b2a2') in 0.027426 seconds
Number of updated asset objects reloaded before import = 0
Number of asset objects unloaded after import = 2
========================================================================
Received Import Request.
  Time since last request: 0.000045 seconds.
  path: Assets/Models/Alex's Models/Materials/table_tex.tga
  artifactKey: Guid(e20ea204e1268b7408569bf7268fa947) Importer(815301076,1909f56bfc062723c751e8b465ee728b)
Start importing Assets/Models/Alex's Models/Materials/table_tex.tga using Guid(e20ea204e1268b7408569bf7268fa947) Importer(815301076,1909f56bfc062723c751e8b465ee728b)  -> (artifact id: 'd33a25bedfd296cedda1ce49568aecc6') in 0.029135 seconds
Number of updated asset objects reloaded before import = 0
Number of asset objects unloaded after import = 2
Editor requested this worker to shutdown with reason: Scaling down because of idle timeout
TcpMessagingSession - receive error: operation aborted. errorcode: 995, details: The I/O operation has been aborted because of either a thread exit or an application request.
AssetImportWorker is now disconnected from the server
Process exiting
Exiting without the bug reporter. Application will terminate with return code 0